[11 may 2022 13:00:57] DEBUG Executing SQL script
[11 may 2022 13:00:57] INFO ================================================================================
[11 may 2022 13:00:57] INFO onError= 'stop'
[11 may 2022 13:00:57] INFO autoCommit= 'false'
[11 may 2022 13:00:57] INFO username= 'postgres'
[11 may 2022 13:00:57] INFO outputPath= 'C:\Users\gabri\Desktop\Webratio\Extreventos\.Temp~\UpdateSQL.xml'
[11 may 2022 13:00:57] INFO outputLogPath= 'C:\Users\gabri\Desktop\Webratio\Extreventos\.Temp~\UpdateSQL.xml.log'
[11 may 2022 13:00:57] INFO encoding= ''
[11 may 2022 13:00:57] INFO driverClass= 'org.postgresql.Driver'
[11 may 2022 13:00:57] INFO sqlScript= 'C:\Users\gabri\Desktop\Webratio\Extreventos\.Temp~\UpdateSQL.sql'
[11 may 2022 13:00:57] INFO eventSocketPort= '56498'
[11 may 2022 13:00:57] INFO statementSeparator= ';'
[11 may 2022 13:00:57] INFO derby.system.home= 'C:\Users\gabri\Desktop\Webratio\.metadata\.plugins\com.webratio.commons.db\derby'
[11 may 2022 13:00:57] INFO password= 'admin'
[11 may 2022 13:00:57] INFO url= 'jdbc:postgresql://localhost:5432/ExtreventosDB'
[11 may 2022 13:00:57] INFO ================================================================================
[11 may 2022 13:00:57] INFO Connecting to the Database...
[11 may 2022 13:00:57] INFO Database connection estabilished
[11 may 2022 13:00:57] INFO transaction isolation: 2
[11 may 2022 13:00:57] DEBUG ================================================================================
[11 may 2022 13:00:57] DEBUG Executing SQL script file: C:\Users\gabri\Desktop\Webratio\Extreventos\.Temp~\UpdateSQL.sql
[11 may 2022 13:00:57] DEBUG Executing statement:  alter table "public"."productosasignados"  add column  "stand_oid"  int4
[11 may 2022 13:00:57] DEBUG Executing statement:  alter table "public"."productosasignados"   add constraint fk_productosasignados_stand foreign key ("stand_oid") references "public"."stand" ("oid")
[11 may 2022 13:00:57] DEBUG Executing statement:    alter table "public"."productosasignados"  add column  "productos_oid"  int4
[11 may 2022 13:00:57] DEBUG Executing statement:  alter table "public"."productosasignados"   add constraint fk_productosasignados_producto foreign key ("productos_oid") references "public"."productos" ("oid")
[11 may 2022 13:00:57] DEBUG ================================================================================
[11 may 2022 13:00:57] DEBUG SQL SCRIPT SUCCESSFULLY EXECUTED
[11 may 2022 13:00:57] INFO Database connection closed
[11 may 2022 13:00:57] DEBUG Total time: 375 milliseconds
