[10 may 2022 19:20:22] Building database metadata model
[10 may 2022 19:20:22] Properties: {partialRefresh=false, processColumnsUsingSelect=, includePrimaryKeys=true, eventSocketClient=com.webratio.commons.net.EventSocketClient@584fce71, includeTables=true, username=postgres, outputLogPath=C:\WebRatio\WebRatio Platform 7.2.18.x64bit\workspace\ExtreventosGit\.Temp~\DB.xml.log, readIndexes=null, driverClass=org.postgresql.Driver, includeSynonyms=true, metaDataProviderClass=com.webratio.commons.db.metadata.PostgreSQLMetaDataProvider, outputPath=C:\WebRatio\WebRatio Platform 7.2.18.x64bit\workspace\ExtreventosGit\.Temp~\DB.xml, schemaRegex=null, readProcedures=null, includeViews=true, derby.system.home=C:\WebRatio\WebRatio Platform 7.2.18.x64bit\workspace\.metadata\.plugins\com.webratio.commons.db\derby, url=jdbc:postgresql://localhost:5432/ExtreventosDB, tableRegex=null, readSQLDefinitions=true, includeForeignKeys=false, retrieveAllNames=false, tablesToRefresh=, eventSocketPort=64427}
[10 may 2022 19:20:22] URL: jdbc:postgresql://localhost:5432/ExtreventosDB
[10 may 2022 19:20:22] Product name: PostgreSQL
[10 may 2022 19:20:22] Product version: 9.3.25
[10 may 2022 19:20:22] Driver name: PostgreSQL Native Driver
[10 may 2022 19:20:22] Driver version: PostgreSQL 9.1 JDBC3g (build 903)
[10 may 2022 19:20:22] Driver major version: 9
[10 may 2022 19:20:22] Driver minor version: 1
[10 may 2022 19:20:22] Identifier quote string: 1
[10 may 2022 19:20:22] Retrieving schemas
[10 may 2022 19:20:22]   Found schema: information_schema
[10 may 2022 19:20:22]   Found schema: pg_catalog
[10 may 2022 19:20:22]   Found schema: public
[10 may 2022 19:20:22] Retrieving sequences
[10 may 2022 19:20:22] Retrieving [TABLE, VIEW, SYNONYM] for schema 'information_schema'
[10 may 2022 19:20:22] Retrieving [TABLE, VIEW, SYNONYM] for schema 'pg_catalog'
[10 may 2022 19:20:22] Retrieving [TABLE, VIEW, SYNONYM] for schema 'public'
[10 may 2022 19:20:22]   Found 'public.almacen_2' [type = TABLE]
[10 may 2022 19:20:22]   Found 'public.categoria_2' [type = TABLE]
[10 may 2022 19:20:22]   Found 'public.eventos_2' [type = TABLE]
[10 may 2022 19:20:22]   Found 'public.group_2' [type = TABLE]
[10 may 2022 19:20:22]   Found 'public.group_module_2' [type = TABLE]
[10 may 2022 19:20:22]   Found 'public.module_2' [type = TABLE]
[10 may 2022 19:20:22]   Found 'public.productos_2' [type = TABLE]
[10 may 2022 19:20:22]   Found 'public.productosasignados_2' [type = TABLE]
[10 may 2022 19:20:22]   Found 'public.productosoferta_2' [type = TABLE]
[10 may 2022 19:20:22]   Found 'public.stand_2' [type = TABLE]
[10 may 2022 19:20:22]   Found 'public.tipostand_2' [type = TABLE]
[10 may 2022 19:20:22]   Found 'public.tipostand_productos_2' [type = TABLE]
[10 may 2022 19:20:22]   Found 'public.ubicacion_2' [type = TABLE]
[10 may 2022 19:20:22]   Found 'public.ubicacion_evento_fecha_2' [type = TABLE]
[10 may 2022 19:20:22]   Found 'public.user_2' [type = TABLE]
[10 may 2022 19:20:22]   Found 'public.user_group_2' [type = TABLE]
[10 may 2022 19:20:22] Retrieving columns for 'public.almacen_2' [type = TABLE]
[10 may 2022 19:20:22]   Found column: oid [type = int4][SQL/XOPEN type = 4][size = 10][dec. digits = 0]
[10 may 2022 19:20:22]   Found column: nombre [type = varchar][SQL/XOPEN type = 12][size = 255][dec. digits = 0]
[10 may 2022 19:20:22]   Found column: direccion [type = varchar][SQL/XOPEN type = 12][size = 255][dec. digits = 0]
[10 may 2022 19:20:22]   Found column: capacidadmaxima [type = int4][SQL/XOPEN type = 4][size = 10][dec. digits = 0]
[10 may 2022 19:20:22]   Found column: descripcion [type = text][SQL/XOPEN type = 12][size = 2147483647][dec. digits = 0]
[10 may 2022 19:20:22] Retrieving primary keys for 'public.almacen_2' [type = TABLE]
[10 may 2022 19:20:22]   Found primary key column: oid
[10 may 2022 19:20:22] Retrieving columns for 'public.categoria_2' [type = TABLE]
[10 may 2022 19:20:22]   Found column: oid [type = int4][SQL/XOPEN type = 4][size = 10][dec. digits = 0]
[10 may 2022 19:20:22]   Found column: nombrecategoria [type = varchar][SQL/XOPEN type = 12][size = 255][dec. digits = 0]
[10 may 2022 19:20:22]   Found column: almacen_2_oid [type = int4][SQL/XOPEN type = 4][size = 10][dec. digits = 0]
[10 may 2022 19:20:22] Retrieving primary keys for 'public.categoria_2' [type = TABLE]
[10 may 2022 19:20:22]   Found primary key column: oid
[10 may 2022 19:20:22] Retrieving columns for 'public.eventos_2' [type = TABLE]
[10 may 2022 19:20:22]   Found column: oid [type = int4][SQL/XOPEN type = 4][size = 10][dec. digits = 0]
[10 may 2022 19:20:22]   Found column: nombre [type = varchar][SQL/XOPEN type = 12][size = 255][dec. digits = 0]
[10 may 2022 19:20:22]   Found column: fecha [type = date][SQL/XOPEN type = 91][size = 13][dec. digits = 0]
[10 may 2022 19:20:22]   Found column: descripcion [type = text][SQL/XOPEN type = 12][size = 2147483647][dec. digits = 0]
[10 may 2022 19:20:22]   Found column: precioentrada [type = float8][SQL/XOPEN type = 8][size = 17][dec. digits = 17]
[10 may 2022 19:20:22]   Found column: user_2_oid [type = int4][SQL/XOPEN type = 4][size = 10][dec. digits = 0]
[10 may 2022 19:20:22] Retrieving primary keys for 'public.eventos_2' [type = TABLE]
[10 may 2022 19:20:22]   Found primary key column: oid
[10 may 2022 19:20:22] Retrieving columns for 'public.group_2' [type = TABLE]
[10 may 2022 19:20:22]   Found column: oid [type = int4][SQL/XOPEN type = 4][size = 10][dec. digits = 0]
[10 may 2022 19:20:22]   Found column: groupname [type = varchar][SQL/XOPEN type = 12][size = 255][dec. digits = 0]
[10 may 2022 19:20:22]   Found column: module_2_oid [type = int4][SQL/XOPEN type = 4][size = 10][dec. digits = 0]
[10 may 2022 19:20:22] Retrieving primary keys for 'public.group_2' [type = TABLE]
[10 may 2022 19:20:22]   Found primary key column: oid
[10 may 2022 19:20:22] Retrieving columns for 'public.group_module_2' [type = TABLE]
[10 may 2022 19:20:22]   Found column: group_2_oid [type = int4][SQL/XOPEN type = 4][size = 10][dec. digits = 0]
[10 may 2022 19:20:22]   Found column: module_2_oid [type = int4][SQL/XOPEN type = 4][size = 10][dec. digits = 0]
[10 may 2022 19:20:22] Retrieving primary keys for 'public.group_module_2' [type = TABLE]
[10 may 2022 19:20:22]   Found primary key column: group_2_oid
[10 may 2022 19:20:22]   Found primary key column: module_2_oid
[10 may 2022 19:20:22] Retrieving columns for 'public.module_2' [type = TABLE]
[10 may 2022 19:20:22]   Found column: oid [type = int4][SQL/XOPEN type = 4][size = 10][dec. digits = 0]
[10 may 2022 19:20:22]   Found column: moduleid [type = varchar][SQL/XOPEN type = 12][size = 255][dec. digits = 0]
[10 may 2022 19:20:22]   Found column: modulename [type = varchar][SQL/XOPEN type = 12][size = 255][dec. digits = 0]
[10 may 2022 19:20:22] Retrieving primary keys for 'public.module_2' [type = TABLE]
[10 may 2022 19:20:22]   Found primary key column: oid
[10 may 2022 19:20:22] Retrieving columns for 'public.productos_2' [type = TABLE]
[10 may 2022 19:20:22]   Found column: oid [type = int4][SQL/XOPEN type = 4][size = 10][dec. digits = 0]
[10 may 2022 19:20:22]   Found column: nombreproducto [type = varchar][SQL/XOPEN type = 12][size = 255][dec. digits = 0]
[10 may 2022 19:20:22]   Found column: descripcionproducto [type = text][SQL/XOPEN type = 12][size = 2147483647][dec. digits = 0]
[10 may 2022 19:20:22]   Found column: precioproducto [type = float8][SQL/XOPEN type = 8][size = 17][dec. digits = 17]
[10 may 2022 19:20:22]   Found column: unidadesproducto [type = int4][SQL/XOPEN type = 4][size = 10][dec. digits = 0]
[10 may 2022 19:20:22]   Found column: almacen_2_oid [type = int4][SQL/XOPEN type = 4][size = 10][dec. digits = 0]
[10 may 2022 19:20:22] Retrieving primary keys for 'public.productos_2' [type = TABLE]
[10 may 2022 19:20:22]   Found primary key column: oid
[10 may 2022 19:20:22] Retrieving columns for 'public.productosasignados_2' [type = TABLE]
[10 may 2022 19:20:22]   Found column: oid [type = int4][SQL/XOPEN type = 4][size = 10][dec. digits = 0]
[10 may 2022 19:20:22]   Found column: nombreproducto [type = varchar][SQL/XOPEN type = 12][size = 255][dec. digits = 0]
[10 may 2022 19:20:22]   Found column: descripcionproducto [type = text][SQL/XOPEN type = 12][size = 2147483647][dec. digits = 0]
[10 may 2022 19:20:22]   Found column: precioproducto [type = float8][SQL/XOPEN type = 8][size = 17][dec. digits = 17]
[10 may 2022 19:20:22]   Found column: unidadesproducto [type = int4][SQL/XOPEN type = 4][size = 10][dec. digits = 0]
[10 may 2022 19:20:22]   Found column: stand_2_oid [type = int4][SQL/XOPEN type = 4][size = 10][dec. digits = 0]
[10 may 2022 19:20:22]   Found column: productos_2_oid [type = int4][SQL/XOPEN type = 4][size = 10][dec. digits = 0]
[10 may 2022 19:20:22] Retrieving primary keys for 'public.productosasignados_2' [type = TABLE]
[10 may 2022 19:20:22]   Found primary key column: oid
[10 may 2022 19:20:22] Retrieving columns for 'public.productosoferta_2' [type = TABLE]
[10 may 2022 19:20:22]   Found column: productos_2_oid [type = int4][SQL/XOPEN type = 4][size = 10][dec. digits = 0]
[10 may 2022 19:20:22]   Found column: porcentajedescuento [type = float8][SQL/XOPEN type = 8][size = 17][dec. digits = 17]
[10 may 2022 19:20:22]   Found column: preciocondescuento [type = float8][SQL/XOPEN type = 8][size = 17][dec. digits = 17]
[10 may 2022 19:20:22] Retrieving primary keys for 'public.productosoferta_2' [type = TABLE]
[10 may 2022 19:20:22]   Found primary key column: productos_2_oid
[10 may 2022 19:20:22] Retrieving columns for 'public.stand_2' [type = TABLE]
[10 may 2022 19:20:22]   Found column: oid [type = int4][SQL/XOPEN type = 4][size = 10][dec. digits = 0]
[10 may 2022 19:20:22]   Found column: representante [type = varchar][SQL/XOPEN type = 12][size = 255][dec. digits = 0]
[10 may 2022 19:20:22]   Found column: nombre [type = varchar][SQL/XOPEN type = 12][size = 255][dec. digits = 0]
[10 may 2022 19:20:22]   Found column: preciototal [type = int4][SQL/XOPEN type = 4][size = 10][dec. digits = 0]
[10 may 2022 19:20:22]   Found column: cantidadtotal [type = int4][SQL/XOPEN type = 4][size = 10][dec. digits = 0]
[10 may 2022 19:20:22]   Found column: tipostand_2_oid [type = int4][SQL/XOPEN type = 4][size = 10][dec. digits = 0]
[10 may 2022 19:20:22]   Found column: eventos_2_oid [type = int4][SQL/XOPEN type = 4][size = 10][dec. digits = 0]
[10 may 2022 19:20:22] Retrieving primary keys for 'public.stand_2' [type = TABLE]
[10 may 2022 19:20:22]   Found primary key column: oid
[10 may 2022 19:20:22] Retrieving columns for 'public.tipostand_2' [type = TABLE]
[10 may 2022 19:20:22]   Found column: oid [type = int4][SQL/XOPEN type = 4][size = 10][dec. digits = 0]
[10 may 2022 19:20:22]   Found column: nombrecategoria [type = varchar][SQL/XOPEN type = 12][size = 255][dec. digits = 0]
[10 may 2022 19:20:22] Retrieving primary keys for 'public.tipostand_2' [type = TABLE]
[10 may 2022 19:20:22]   Found primary key column: oid
[10 may 2022 19:20:22] Retrieving columns for 'public.tipostand_productos_2' [type = TABLE]
[10 may 2022 19:20:22]   Found column: tipostand_2_oid [type = int4][SQL/XOPEN type = 4][size = 10][dec. digits = 0]
[10 may 2022 19:20:22]   Found column: productos_2_oid [type = int4][SQL/XOPEN type = 4][size = 10][dec. digits = 0]
[10 may 2022 19:20:22] Retrieving primary keys for 'public.tipostand_productos_2' [type = TABLE]
[10 may 2022 19:20:22]   Found primary key column: tipostand_2_oid
[10 may 2022 19:20:22]   Found primary key column: productos_2_oid
[10 may 2022 19:20:22] Retrieving columns for 'public.ubicacion_2' [type = TABLE]
[10 may 2022 19:20:22]   Found column: oid [type = int4][SQL/XOPEN type = 4][size = 10][dec. digits = 0]
[10 may 2022 19:20:22]   Found column: aforo [type = int4][SQL/XOPEN type = 4][size = 10][dec. digits = 0]
[10 may 2022 19:20:22]   Found column: direccion [type = varchar][SQL/XOPEN type = 12][size = 255][dec. digits = 0]
[10 may 2022 19:20:22]   Found column: nombre [type = varchar][SQL/XOPEN type = 12][size = 255][dec. digits = 0]
[10 may 2022 19:20:22]   Found column: precio_alquiler [type = int4][SQL/XOPEN type = 4][size = 10][dec. digits = 0]
[10 may 2022 19:20:22]   Found column: maxstands [type = int4][SQL/XOPEN type = 4][size = 10][dec. digits = 0]
[10 may 2022 19:20:22] Retrieving primary keys for 'public.ubicacion_2' [type = TABLE]
[10 may 2022 19:20:22]   Found primary key column: oid
[10 may 2022 19:20:22] Retrieving columns for 'public.ubicacion_evento_fecha_2' [type = TABLE]
[10 may 2022 19:20:22]   Found column: fecha [type = date][SQL/XOPEN type = 91][size = 13][dec. digits = 0]
[10 may 2022 19:20:22]   Found column: ubicacion_2_oid [type = int4][SQL/XOPEN type = 4][size = 10][dec. digits = 0]
[10 may 2022 19:20:22]   Found column: eventos_2_oid [type = int4][SQL/XOPEN type = 4][size = 10][dec. digits = 0]
[10 may 2022 19:20:22] Retrieving primary keys for 'public.ubicacion_evento_fecha_2' [type = TABLE]
[10 may 2022 19:20:22]   Found primary key column: fecha
[10 may 2022 19:20:22] Retrieving columns for 'public.user_2' [type = TABLE]
[10 may 2022 19:20:22]   Found column: oid [type = int4][SQL/XOPEN type = 4][size = 10][dec. digits = 0]
[10 may 2022 19:20:22]   Found column: username [type = varchar][SQL/XOPEN type = 12][size = 255][dec. digits = 0]
[10 may 2022 19:20:22]   Found column: password [type = varchar][SQL/XOPEN type = 12][size = 255][dec. digits = 0]
[10 may 2022 19:20:22]   Found column: email [type = varchar][SQL/XOPEN type = 12][size = 255][dec. digits = 0]
[10 may 2022 19:20:22]   Found column: fecha_alta [type = varchar][SQL/XOPEN type = 12][size = 255][dec. digits = 0]
[10 may 2022 19:20:22]   Found column: group_2_oid [type = int4][SQL/XOPEN type = 4][size = 10][dec. digits = 0]
[10 may 2022 19:20:22] Retrieving primary keys for 'public.user_2' [type = TABLE]
[10 may 2022 19:20:22]   Found primary key column: oid
[10 may 2022 19:20:22] Retrieving columns for 'public.user_group_2' [type = TABLE]
[10 may 2022 19:20:22]   Found column: user_2_oid [type = int4][SQL/XOPEN type = 4][size = 10][dec. digits = 0]
[10 may 2022 19:20:22]   Found column: group_2_oid [type = int4][SQL/XOPEN type = 4][size = 10][dec. digits = 0]
[10 may 2022 19:20:22] Retrieving primary keys for 'public.user_group_2' [type = TABLE]
[10 may 2022 19:20:22]   Found primary key column: user_2_oid
[10 may 2022 19:20:22]   Found primary key column: group_2_oid
[10 may 2022 19:20:22] Database metadata retrieved (163 ms)
[10 may 2022 19:20:22] Database connection closed
